<?xml version="1.0" encoding="UTF-8"?>
<testng-results ignored="0" total="2" passed="2" failed="0" skipped="0">
  <reporter-output>
  </reporter-output>
  <suite started-at="2021-06-27T13:51:43 EDT" name="Default suite" finished-at="2021-06-27T13:51:58 EDT" duration-ms="15750">
    <groups>
    </groups>
    <test started-at="2021-06-27T13:51:43 EDT" name="Default test" finished-at="2021-06-27T13:51:58 EDT" duration-ms="15750">
      <class name="Project.class2">
        <test-method is-config="true" signature="setUpClass()[pri:0, instance:Project.class2@78e117e3]" started-at="2021-06-27T13:51:43 EDT" name="setUpClass" finished-at="2021-06-27T13:51:43 EDT" duration-ms="16" status="PASS">
          <reporter-output>
          </reporter-output>
        </test-method> <!-- setUpClass -->
        <test-method signature="buttons()[pri:0, instance:Project.class2@78e117e3]" started-at="2021-06-27T13:51:43 EDT" name="buttons" finished-at="2021-06-27T13:51:52 EDT" duration-ms="9109" status="PASS">
          <reporter-output>
          </reporter-output>
        </test-method> <!-- buttons -->
        <test-method signature="imagess()[pri:0, instance:Project.class2@78e117e3]" started-at="2021-06-27T13:51:52 EDT" name="imagess" finished-at="2021-06-27T13:51:58 EDT" duration-ms="6523" status="PASS">
          <reporter-output>
          </reporter-output>
        </test-method> <!-- imagess -->
      </class> <!-- Project.class2 -->
    </test> <!-- Default test -->
  </suite> <!-- Default suite -->
</testng-results>
